{"app":"mockoon-desktop","level":"info","message":"[RENDERER][COMPONENT][APP] Initializing application","timestamp":"2023-12-30T02:44:02.162Z"}
{"app":"mockoon-desktop","level":"info","message":"[RENDERER][SERVICE][ENVIRONMENTS] First load, creating demo environment","timestamp":"2023-12-30T02:44:02.182Z"}
{"app":"mockoon-desktop","level":"info","message":"[MAIN][UPDATE] Found a new version v6.1.0","timestamp":"2023-12-30T02:44:03.974Z"}
{"app":"mockoon-desktop","environmentName":"Sage mock","environmentUUID":"b08328db-9029-4e4b-89f1-3ca223cfcb1c","level":"info","message":"[RENDERER][SERVICE][MIGRATION] Migrating environment starting at 28","timestamp":"2023-12-30T02:47:06.626Z"}
{"app":"mockoon-server","environmentName":"Sage mock","environmentUUID":"b08328db-9029-4e4b-89f1-3ca223cfcb1c","level":"info","message":"Server started on port 1111","timestamp":"2023-12-30T02:47:26.716Z"}
{"app":"mockoon-server","environmentName":"Sage mock","environmentUUID":"b08328db-9029-4e4b-89f1-3ca223cfcb1c","level":"info","message":"Transaction recorded","requestMethod":"POST","requestPath":"/api/v1/auth/login/","requestProxied":false,"responseStatus":400,"timestamp":"2023-12-30T02:54:23.961Z"}
{"app":"mockoon-server","environmentName":"Sage mock","environmentUUID":"b08328db-9029-4e4b-89f1-3ca223cfcb1c","level":"info","message":"Server stopped","timestamp":"2023-12-30T02:54:59.631Z"}
{"app":"mockoon-server","environmentName":"Sage mock","environmentUUID":"b08328db-9029-4e4b-89f1-3ca223cfcb1c","level":"info","message":"Server started on port 1111","timestamp":"2023-12-30T02:54:59.800Z"}
{"app":"mockoon-server","environmentName":"Sage mock","environmentUUID":"b08328db-9029-4e4b-89f1-3ca223cfcb1c","level":"info","message":"Transaction recorded","requestMethod":"POST","requestPath":"/api/v1/auth/login/","requestProxied":false,"responseStatus":200,"timestamp":"2023-12-30T02:55:03.721Z"}
{"app":"mockoon-server","environmentName":"Sage mock","environmentUUID":"b08328db-9029-4e4b-89f1-3ca223cfcb1c","level":"info","message":"Transaction recorded","requestMethod":"GET","requestPath":"/api/v1/users/me","requestProxied":false,"responseStatus":200,"timestamp":"2023-12-30T02:55:03.824Z"}
{"app":"mockoon-server","environmentName":"Sage mock","environmentUUID":"b08328db-9029-4e4b-89f1-3ca223cfcb1c","level":"error","message":"Error while parsing entering body: Unexpected end of JSON input","timestamp":"2023-12-30T02:55:04.017Z"}
{"app":"mockoon-server","environmentName":"Sage mock","environmentUUID":"b08328db-9029-4e4b-89f1-3ca223cfcb1c","level":"info","message":"Transaction recorded","requestMethod":"GET","requestPath":"/api/v1/movies/now-showing/","requestProxied":false,"responseStatus":404,"timestamp":"2023-12-30T02:55:04.019Z"}
{"app":"mockoon-server","environmentName":"Sage mock","environmentUUID":"b08328db-9029-4e4b-89f1-3ca223cfcb1c","level":"info","message":"Server stopped","timestamp":"2023-12-30T02:55:39.999Z"}
{"app":"mockoon-server","environmentName":"Sage mock","environmentUUID":"b08328db-9029-4e4b-89f1-3ca223cfcb1c","level":"info","message":"Server started on port 1111","timestamp":"2023-12-30T02:55:40.000Z"}
{"app":"mockoon-server","environmentName":"Sage mock","environmentUUID":"b08328db-9029-4e4b-89f1-3ca223cfcb1c","level":"error","message":"Error while parsing entering body: Unexpected end of JSON input","timestamp":"2023-12-30T02:55:48.924Z"}
{"app":"mockoon-server","environmentName":"Sage mock","environmentUUID":"b08328db-9029-4e4b-89f1-3ca223cfcb1c","level":"info","message":"Transaction recorded","requestMethod":"GET","requestPath":"/api/v1/movies/now-showing/","requestProxied":false,"responseStatus":200,"timestamp":"2023-12-30T02:55:48.926Z"}
{"app":"mockoon-server","environmentName":"Sage mock","environmentUUID":"b08328db-9029-4e4b-89f1-3ca223cfcb1c","level":"error","message":"Error while parsing entering body: Unexpected end of JSON input","timestamp":"2023-12-30T02:58:35.506Z"}
{"app":"mockoon-server","environmentName":"Sage mock","environmentUUID":"b08328db-9029-4e4b-89f1-3ca223cfcb1c","level":"info","message":"Transaction recorded","requestMethod":"GET","requestPath":"/api/v1/movies/now-showing/","requestProxied":false,"responseStatus":200,"timestamp":"2023-12-30T02:58:35.509Z"}
{"app":"mockoon-server","environmentName":"Sage mock","environmentUUID":"b08328db-9029-4e4b-89f1-3ca223cfcb1c","level":"error","message":"Error while parsing entering body: Unexpected end of JSON input","timestamp":"2023-12-30T03:00:18.242Z"}
{"app":"mockoon-server","environmentName":"Sage mock","environmentUUID":"b08328db-9029-4e4b-89f1-3ca223cfcb1c","level":"info","message":"Transaction recorded","requestMethod":"GET","requestPath":"/api/v1/movies/now-showing/","requestProxied":false,"responseStatus":200,"timestamp":"2023-12-30T03:00:18.244Z"}
{"app":"mockoon-server","environmentName":"Sage mock","environmentUUID":"b08328db-9029-4e4b-89f1-3ca223cfcb1c","level":"info","message":"Server stopped","timestamp":"2023-12-31T10:12:06.743Z"}
