2023-10-26T05:00:44.853Z - info: [ui] [AppStore] loading 0 repositories from store
2023-10-26T05:00:44.904Z - info: [ui] [Welcome] no sign in step found. ignoring...
2023-10-26T05:00:44.912Z - info: [ui] launching: 3.3.3-linux2 (Linux 6.5.7-arch1-1)
2023-10-26T05:00:44.914Z - info: [ui] execPath: '/opt/github-desktop/github-desktop'
2023-10-26T05:00:44.933Z - info: [ui] [Welcome] no sign in step found. ignoring...
2023-10-26T05:00:45.105Z - info: [ui] [Welcome] no sign in step found. ignoring...
2023-10-26T05:00:45.841Z - info: [ui] Opt in reported.
2023-10-26T05:00:48.672Z - info: [ui] [Welcome] no sign in step found. ignoring...
2023-10-26T05:00:53.724Z - info: [ui] [AppStore] loading 0 repositories from store
2023-10-26T05:00:53.784Z - info: [ui] [Welcome] no sign in step found. ignoring...
2023-10-26T05:00:53.786Z - info: [ui] [Welcome] no sign in step found. ignoring...
2023-10-26T05:00:53.786Z - info: [ui] launching: 3.3.3-linux2 (Linux 6.5.7-arch1-1)
2023-10-26T05:00:53.786Z - info: [ui] execPath: '/opt/github-desktop/github-desktop'
2023-10-26T05:00:53.805Z - info: [ui] [Welcome] no sign in step found. ignoring...
2023-10-26T05:00:55.550Z - info: [ui] [Welcome] advancing to step: SignInToDotComWithBrowser
2023-10-26T05:00:55.550Z - info: [ui] [SignInStore] initializing OAuth flow
2023-10-26T05:00:55.555Z - info: [main] opening in browser: https://github.com/login/oauth/authorize?client_id=3a723b10ac5575cc5bb9&scope=repo%20user%20workflow&state=5a825592-7d59-46cc-b965-52da918311ed
2023-10-26T05:00:55.556Z - info: [ui] [Welcome] current sign in state not found. ignoring...
2023-10-26T05:01:02.590Z - info: [ui] [Welcome] kind Authentication is the same as Authentication. ignoring...
2023-10-26T05:01:05.252Z - info: [main] Received possible protocol arguments: 3
2023-10-26T05:01:05.252Z - info: [main] Processing protocol url
2023-10-26T05:01:05.253Z - info: [ui] [Dispatcher] requesting authenticated user
2023-10-26T05:01:05.261Z - info: [ui] [Welcome] kind Authentication is the same as Authentication. ignoring...
2023-10-26T05:01:05.302Z - info: [main] Received possible protocol arguments: 2
2023-10-26T05:01:05.306Z - info: [main] Processing protocol url
2023-10-26T05:01:07.234Z - info: [ui] [SignInStore] account resolved
2023-10-26T05:01:07.235Z - info: [ui] [AppStore] adding account AbhiShake1 (onFire(Abhi)) to store
2023-10-26T05:01:07.241Z - info: [ui] [Welcome] advancing to step: ConfigureGit
2023-10-26T05:01:07.283Z - info: [ui] [Welcome] no sign in step found. ignoring...
2023-10-26T05:01:07.469Z - info: [ui] [Welcome] no sign in step found. ignoring...
2023-10-26T05:01:27.938Z - info: [ui] [AppStore] adding repository at /home/abhi/proj/nvim/colorschemes/rengoku to store
2023-10-26T05:04:55.927Z - error: [ui] Error adding account 'AbhiShake1'
Error: Object does not exist at path “/org/freedesktop/secrets/collection/login”
2023-10-26T05:05:13.378Z - info: [ui] Executing fetch: git -c credential.helper= fetch --progress --prune --recurse-submodules=on-demand origin (took 1.049s)
2023-10-26T05:05:14.397Z - info: [ui] Executing updateRemoteHEAD: git -c credential.helper= remote set-head -a origin (took 1.016s)
2023-10-26T05:05:14.410Z - info: [ui] [RepositoryIndicatorUpdater]: Refreshing sidebar indicators for 1 repositories took 2.2s of which 0.0s paused, total 2.2s
