2023-12-16T02:24:43.588Z - info: [ui] [RepositoryIndicatorUpdater]: Refreshing sidebar indicators for 3 repositories took 5.6s of which 5.7s paused, total 11.3s
2023-12-16T02:25:31.258Z - info: [ui] Executing getAuthorIdentity: git var GIT_AUTHOR_IDENT (took 1.077s)
2023-12-16T02:25:31.387Z - info: [ui] Executing getStashEntries: git log -g -z --format=%gD%x00%H%x00%gs%x00%T%x00%P refs/stash (took 1.375s)
2023-12-16T02:25:31.390Z - info: [ui] Executing getCommits: git log origin/main..main --date=raw --max-count=100 -z --format=%H%x00%h%x00%s%x00%b%x00%an <%ae> %ad%x00%cn <%ce> %cd%x00%P%x00%(trailers:unfold,only)%x00%D --no-show-signature --no-color -- (took 1.567s)
2023-12-16T02:27:33.197Z - info: [ui] Executing fetch: git -c credential.helper= fetch --progress --prune --recurse-submodules=on-demand origin (took 1.796s)
2023-12-16T02:27:35.073Z - info: [ui] Executing updateRemoteHEAD: git -c credential.helper= remote set-head -a origin (took 1.703s)
2023-12-16T02:34:52.255Z - info: [ui] Executing getSymbolicRef: git symbolic-ref -q refs/remotes/origin/HEAD (took 1.183s)
2023-12-16T02:37:38.709Z - info: [ui] Executing getConfigValueInPath: git config -z pull.rebase (took 1.237s)
2023-12-16T02:37:54.748Z - info: [ui] Executing getSymbolicRef: git symbolic-ref -q refs/remotes/origin/HEAD (took 1.173s)
2023-12-16T02:38:21.285Z - info: [ui] Executing getCommits: git log origin/main..main --date=raw --max-count=100 -z --format=%H%x00%h%x00%s%x00%b%x00%an <%ae> %ad%x00%cn <%ce> %cd%x00%P%x00%(trailers:unfold,only)%x00%D --no-show-signature --no-color -- (took 1.074s)
2023-12-16T02:56:45.217Z - info: [ui] Executing getRemotes: git remote -v (took 1.367s)
2023-12-16T02:56:48.339Z - info: [ui] Executing getAllTags: git show-ref --tags -d (took 1.194s)
2023-12-16T03:00:16.734Z - info: [ui] Executing fetch: git -c credential.helper= fetch --progress --prune --recurse-submodules=on-demand origin (took 1.638s)
2023-12-16T03:00:18.536Z - info: [ui] Executing updateRemoteHEAD: git -c credential.helper= remote set-head -a origin (took 1.642s)
2023-12-16T03:00:23.557Z - info: [ui] Executing getSymbolicRef: git symbolic-ref -q refs/remotes/origin/HEAD (took 1.115s)
2023-12-16T03:07:52.130Z - info: [ui] [RepositoryIndicatorUpdater]: Refreshing sidebar indicators for 3 repositories took 8.9s of which 659.9s paused, total 668.7s
2023-12-16T03:33:00.720Z - info: [ui] Executing fetch: git -c credential.helper= fetch --progress --prune --recurse-submodules=on-demand origin (took 2.344s)
2023-12-16T03:33:03.828Z - info: [ui] Executing updateRemoteHEAD: git -c credential.helper= remote set-head -a origin (took 2.906s)
2023-12-16T03:33:10.339Z - info: [ui] Executing getSymbolicRef: git symbolic-ref -q refs/remotes/origin/HEAD (took 1.357s)
2023-12-16T04:05:48.356Z - info: [ui] Executing fetch: git -c credential.helper= fetch --progress --prune --recurse-submodules=on-demand origin (took 1.448s)
2023-12-16T04:05:49.883Z - info: [ui] Executing updateRemoteHEAD: git -c credential.helper= remote set-head -a origin (took 1.401s)
2023-12-16T04:05:55.017Z - info: [ui] Executing getAuthorIdentity: git var GIT_AUTHOR_IDENT (took 1.079s)
2023-12-16T04:05:55.126Z - info: [ui] Executing getStashEntries: git log -g -z --format=%gD%x00%H%x00%gs%x00%T%x00%P refs/stash (took 1.316s)
2023-12-16T04:05:55.129Z - info: [ui] Executing getCommits: git log origin/main..main --date=raw --max-count=100 -z --format=%H%x00%h%x00%s%x00%b%x00%an <%ae> %ad%x00%cn <%ce> %cd%x00%P%x00%(trailers:unfold,only)%x00%D --no-show-signature --no-color -- (took 1.451s)
2023-12-16T04:38:12.830Z - info: [ui] [BranchPruner] Last prune took place 13 hours ago - skipping
2023-12-16T04:38:31.775Z - info: [ui] Executing fetch: git -c credential.helper= fetch --progress --prune --recurse-submodules=on-demand origin (took 1.718s)
2023-12-16T04:38:33.780Z - info: [ui] Executing updateRemoteHEAD: git -c credential.helper= remote set-head -a origin (took 1.862s)
2023-12-16T04:38:38.674Z - info: [ui] Executing getSymbolicRef: git symbolic-ref -q refs/remotes/origin/HEAD (took 1.078s)
2023-12-16T05:11:14.391Z - info: [ui] Executing fetch: git -c credential.helper= fetch --progress --prune --recurse-submodules=on-demand origin (took 1.502s)
2023-12-16T05:11:16.247Z - info: [ui] Executing updateRemoteHEAD: git -c credential.helper= remote set-head -a origin (took 1.675s)
2023-12-16T05:11:21.937Z - info: [ui] Executing getConfigValueInPath: git config -z pull.rebase (took 1.861s)
2023-12-16T05:43:32.667Z - info: [ui] Executing getConfigValueInPath: git config -z pull.rebase (took 1.752s)
2023-12-16T05:43:58.014Z - info: [ui] Executing fetch: git -c credential.helper= fetch --progress --prune --recurse-submodules=on-demand origin (took 1.658s)
2023-12-16T05:43:59.684Z - info: [ui] Executing updateRemoteHEAD: git -c credential.helper= remote set-head -a origin (took 1.544s)
2023-12-16T05:46:19.283Z - info: [ui] [RepositoryIndicatorUpdater]: Refreshing sidebar indicators for 3 repositories took 10.1s of which 5792.7s paused, total 5802.9s
2023-12-16T06:16:39.726Z - info: [ui] Executing fetch: git -c credential.helper= fetch --progress --prune --recurse-submodules=on-demand origin (took 2.022s)
2023-12-16T06:16:41.535Z - info: [ui] Executing updateRemoteHEAD: git -c credential.helper= remote set-head -a origin (took 1.662s)
2023-12-16T06:16:47.166Z - info: [ui] Executing getSymbolicRef: git symbolic-ref -q refs/remotes/origin/HEAD (took 2.136s)
